This is pdfTeX, Version 3.1415926-2.5-1.40.14 (MiKTeX 2.9) (preloaded format=pdflatex 2015.8.13)  2 SEP 2015 19:13
entering extended mode
**PhDThesis_example.tex

("D:\Files\Desktop\Tesi\latex\algorithms-controlling-tracking (2)\algorithms-co
ntrolling-tracking\PhDThesis_example.tex"
LaTeX2e <2011/06/27>
Babel <v3.8m> and hyphenation patterns for english, afrikaans, ancientgreek, ar
abic, armenian, assamese, basque, bengali, bokmal, bulgarian, catalan, coptic, 
croatian, czech, danish, dutch, esperanto, estonian, farsi, finnish, french, ga
lician, german, german-x-2013-05-26, greek, gujarati, hindi, hungarian, iceland
ic, indonesian, interlingua, irish, italian, kannada, kurmanji, latin, latvian,
 lithuanian, malayalam, marathi, mongolian, mongolianlmc, monogreek, ngerman, n
german-x-2013-05-26, nynorsk, oriya, panjabi, pinyin, polish, portuguese, roman
ian, russian, sanskrit, serbian, slovak, slovenian, spanish, swedish, swissgerm
an, tamil, telugu, turkish, turkmen, ukenglish, ukrainian, uppersorbian, usengl
ishmax, welsh, loaded.

("D:\Files\Desktop\Tesi\latex\algorithms-controlling-tracking (2)\algorithms-co
ntrolling-tracking\Classes/RoboticsLaTeX.cls"
Document Class: Classes/RoboticsLaTeX 2014/10/27 Robotics LaTeX theses class
("C:\Program Files (x86)\MiKTeX 2.9\tex\latex\base\book.cls"
Document Class: book 2007/10/19 v1.4h Standard LaTeX document class
("C:\Program Files (x86)\MiKTeX 2.9\tex\latex\base\bk12.clo"
File: bk12.clo 2007/10/19 v1.4h Standard LaTeX file (size option)
)
\c@part=\count79
\c@chapter=\count80
\c@section=\count81
\c@subsection=\count82
\c@subsubsection=\count83
\c@paragraph=\count84
\c@subparagraph=\count85
\c@figure=\count86
\c@table=\count87
\abovecaptionskip=\skip41
\belowcaptionskip=\skip42
\bibindent=\dimen102
)
("D:\Files\Desktop\Tesi\latex\algorithms-controlling-tracking (2)\algorithms-co
ntrolling-tracking\StyleFiles/watermark.sty"

LaTeX Warning: You have requested package `StyleFiles/watermark',
               but the package provides `watermark'.

Package: watermark 2002/01/29 v1.00 Watermarks (NCC)
) ("C:\Program Files (x86)\MiKTeX 2.9\tex\latex\amsfonts\amssymb.sty"
Package: amssymb 2013/01/14 v3.01 AMS font symbols

("C:\Program Files (x86)\MiKTeX 2.9\tex\latex\amsfonts\amsfonts.sty"
Package: amsfonts 2013/01/14 v3.01 Basic AMSFonts support
\@emptytoks=\toks14
\symAMSa=\mathgroup4
\symAMSb=\mathgroup5
LaTeX Font Info:    Overwriting math alphabet `\mathfrak' in version `bold'
(Font)                  U/euf/m/n --> U/euf/b/n on input line 106.
))
("C:\Program Files (x86)\MiKTeX 2.9\tex\latex\graphics\graphics.sty"
Package: graphics 2009/02/05 v1.0o Standard LaTeX Graphics (DPC,SPQR)

("C:\Program Files (x86)\MiKTeX 2.9\tex\latex\graphics\trig.sty"
Package: trig 1999/03/16 v1.09 sin cos tan (DPC)
)
("C:\Program Files (x86)\MiKTeX 2.9\tex\latex\00miktex\graphics.cfg"
File: graphics.cfg 2007/01/18 v1.5 graphics configuration of teTeX/TeXLive
)
Package graphics Info: Driver file: pdftex.def on input line 91.

("C:\Program Files (x86)\MiKTeX 2.9\tex\latex\pdftex-def\pdftex.def"
File: pdftex.def 2011/05/27 v0.06d Graphics/color for pdfTeX

("C:\Program Files (x86)\MiKTeX 2.9\tex\generic\oberdiek\infwarerr.sty"
Package: infwarerr 2010/04/08 v1.3 Providing info/warning/error messages (HO)
)
("C:\Program Files (x86)\MiKTeX 2.9\tex\generic\oberdiek\ltxcmds.sty"
Package: ltxcmds 2011/11/09 v1.22 LaTeX kernel commands for general use (HO)
)
\Gread@gobject=\count88
))
("D:\Files\Desktop\Tesi\latex\algorithms-controlling-tracking (2)\algorithms-co
ntrolling-tracking\StyleFiles/fancyhdr.sty"
\headwidth=\dimen103
)
("C:\Program Files (x86)\MiKTeX 2.9\tex\latex\amsfonts\eucal.sty"
Package: eucal 2009/06/22 v3.00 Euler Script fonts
LaTeX Font Info:    Overwriting math alphabet `\EuScript' in version `bold'
(Font)                  U/eus/m/n --> U/eus/b/n on input line 33.
)
("D:\Files\Desktop\Tesi\latex\algorithms-controlling-tracking (2)\algorithms-co
ntrolling-tracking\natbib.sty"
Package: natbib 1998/07/14 6.8c (PWD)
\bibhang=\skip43
\bibsep=\skip44
LaTeX Info: Redefining \cite on input line 467.
\c@NAT@ctr=\count89
)
("C:\Program Files (x86)\MiKTeX 2.9\tex\generic\babel\babel.sty"
Package: babel 2008/07/08 v3.8m The Babel package

*************************************
* Local config file bblopts.cfg used
*
("C:\Program Files (x86)\MiKTeX 2.9\tex\latex\00miktex\bblopts.cfg"
File: bblopts.cfg 2006/07/31 v1.0 MiKTeX 'babel' configuration
)
("C:\Program Files (x86)\MiKTeX 2.9\tex\generic\babel\english.ldf"
Language: english 2005/03/30 v3.3o English support from the babel system

("C:\Program Files (x86)\MiKTeX 2.9\tex\generic\babel\babel.def"
File: babel.def 2008/07/08 v3.8m Babel common definitions
\babel@savecnt=\count90
\U@D=\dimen104
)
\l@canadian = a dialect from \language\l@american 
\l@australian = a dialect from \language\l@british 
\l@newzealand = a dialect from \language\l@british 
))
("C:\Program Files (x86)\MiKTeX 2.9\tex\latex\graphics\color.sty"
Package: color 2005/11/14 v1.0j Standard LaTeX Color (DPC)

("C:\Program Files (x86)\MiKTeX 2.9\tex\latex\00miktex\color.cfg"
File: color.cfg 2007/01/18 v1.5 color configuration of teTeX/TeXLive
)
Package color Info: Driver file: pdftex.def on input line 130.

("C:\Program Files (x86)\MiKTeX 2.9\tex\latex\graphics\dvipsnam.def"
File: dvipsnam.def 1999/02/16 v3.0i Driver-dependant file (DPC,SPQR)
))
("C:\Program Files (x86)\MiKTeX 2.9\tex\latex\footmisc\footmisc.sty"
Package: footmisc 2011/06/06 v5.5b a miscellany of footnote facilities
\FN@temptoken=\toks15
\footnotemargin=\dimen105
\c@pp@next@reset=\count91
\c@@fnserial=\count92
Package footmisc Info: Declaring symbol style bringhurst on input line 855.
Package footmisc Info: Declaring symbol style chicago on input line 863.
Package footmisc Info: Declaring symbol style wiley on input line 872.
Package footmisc Info: Declaring symbol style lamport-robust on input line 883.

Package footmisc Info: Declaring symbol style lamport* on input line 903.
Package footmisc Info: Declaring symbol style lamport*-robust on input line 924
.
)
("C:\Program Files (x86)\MiKTeX 2.9\tex\latex\base\ifthen.sty"
Package: ifthen 2001/05/26 v1.1c Standard LaTeX ifthen package (DPC)
)
("C:\Program Files (x86)\MiKTeX 2.9\tex\generic\oberdiek\ifpdf.sty"
Package: ifpdf 2011/01/30 v2.3 Provides the ifpdf switch (HO)
Package ifpdf Info: pdfTeX in PDF mode is detected.
)
("C:\Program Files (x86)\MiKTeX 2.9\tex\latex\nomencl\nomencl.sty"
Package: nomencl 2005/09/22 v4.2 Nomenclature package (LN)
\nomlabelwidth=\dimen106
\nom@tempdim=\dimen107
\nomitemsep=\skip45
)
\@glossaryfile=\write3

Writing glossary file PhDThesis_example.glo 
("C:\Program Files (x86)\MiKTeX 2.9\tex\latex\hyperref\hyperref.sty"
Package: hyperref 2012/11/06 v6.83m Hypertext links for LaTeX

("C:\Program Files (x86)\MiKTeX 2.9\tex\generic\oberdiek\hobsub-hyperref.sty"
Package: hobsub-hyperref 2012/04/25 v1.12 Bundle oberdiek, subset hyperref (HO)


("C:\Program Files (x86)\MiKTeX 2.9\tex\generic\oberdiek\hobsub-generic.sty"
Package: hobsub-generic 2012/04/25 v1.12 Bundle oberdiek, subset generic (HO)
Package: hobsub 2012/04/25 v1.12 Construct package bundles (HO)
Package hobsub Info: Skipping package `infwarerr' (already loaded).
Package hobsub Info: Skipping package `ltxcmds' (already loaded).
Package: ifluatex 2010/03/01 v1.3 Provides the ifluatex switch (HO)
Package ifluatex Info: LuaTeX not detected.
Package: ifvtex 2010/03/01 v1.5 Detect VTeX and its facilities (HO)
Package ifvtex Info: VTeX not detected.
Package: intcalc 2007/09/27 v1.1 Expandable calculations with integers (HO)
Package hobsub Info: Skipping package `ifpdf' (already loaded).
Package: etexcmds 2011/02/16 v1.5 Avoid name clashes with e-TeX commands (HO)
Package etexcmds Info: Could not find \expanded.
(etexcmds)             That can mean that you are not using pdfTeX 1.50 or
(etexcmds)             that some package has redefined \expanded.
(etexcmds)             In the latter case, load this package earlier.
Package: kvsetkeys 2012/04/25 v1.16 Key value parser (HO)
Package: kvdefinekeys 2011/04/07 v1.3 Define keys (HO)
Package: pdftexcmds 2011/11/29 v0.20 Utility functions of pdfTeX for LuaTeX (HO
)
Package pdftexcmds Info: LuaTeX not detected.
Package pdftexcmds Info: \pdf@primitive is available.
Package pdftexcmds Info: \pdf@ifprimitive is available.
Package pdftexcmds Info: \pdfdraftmode found.
Package: pdfescape 2011/11/25 v1.13 Implements pdfTeX's escape features (HO)
Package: bigintcalc 2012/04/08 v1.3 Expandable calculations on big integers (HO
)
Package: bitset 2011/01/30 v1.1 Handle bit-vector datatype (HO)
Package: uniquecounter 2011/01/30 v1.2 Provide unlimited unique counter (HO)
)
Package hobsub Info: Skipping package `hobsub' (already loaded).
Package: letltxmacro 2010/09/02 v1.4 Let assignment for LaTeX macros (HO)
Package: hopatch 2011/06/24 v1.1 Wrapper for package hooks (HO)
Package: xcolor-patch 2011/01/30 xcolor patch
Package: atveryend 2011/06/30 v1.8 Hooks at the very end of document (HO)
Package atveryend Info: \enddocument detected (standard20110627).
Package: atbegshi 2011/10/05 v1.16 At begin shipout hook (HO)
Package: refcount 2011/10/16 v3.4 Data extraction from label references (HO)
Package: hycolor 2011/01/30 v1.7 Color options for hyperref/bookmark (HO)
)
("C:\Program Files (x86)\MiKTeX 2.9\tex\latex\graphics\keyval.sty"
Package: keyval 1999/03/16 v1.13 key=value parser (DPC)
\KV@toks@=\toks16
)
("C:\Program Files (x86)\MiKTeX 2.9\tex\generic\ifxetex\ifxetex.sty"
Package: ifxetex 2010/09/12 v0.6 Provides ifxetex conditional
)
("C:\Program Files (x86)\MiKTeX 2.9\tex\latex\oberdiek\auxhook.sty"
Package: auxhook 2011/03/04 v1.3 Hooks for auxiliary files (HO)
)
("C:\Program Files (x86)\MiKTeX 2.9\tex\latex\oberdiek\kvoptions.sty"
Package: kvoptions 2011/06/30 v3.11 Key value format for package options (HO)
)
\@linkdim=\dimen108
\Hy@linkcounter=\count93
\Hy@pagecounter=\count94

("C:\Program Files (x86)\MiKTeX 2.9\tex\latex\hyperref\pd1enc.def"
File: pd1enc.def 2012/11/06 v6.83m Hyperref: PDFDocEncoding definition (HO)
)
\Hy@SavedSpaceFactor=\count95

("C:\Program Files (x86)\MiKTeX 2.9\tex\latex\00miktex\hyperref.cfg"
File: hyperref.cfg 2002/06/06 v1.2 hyperref configuration of TeXLive
)
Package hyperref Info: Option `plainpages' set `false' on input line 4319.
Package hyperref Info: Option `pdfpagelabels' set `true' on input line 4319.


Package hyperref Warning: Values of option `pdfpagelayout':
(hyperref)                * `SinglePage'
(hyperref)                * `OneColumn'
(hyperref)                * `TwoColumnLeft'
(hyperref)                * `TwoColumnRight'
(hyperref)                * `TwoPageLeft' (PDF 1.5)
(hyperref)                * `TwoPageRight' (PDF 1.5)
(hyperref)                * An empty value disables the option.
(hyperref)                Unknown value `useoutlines' on input line 4319.

Package hyperref Info: Option `bookmarks' set `true' on input line 4319.
Package hyperref Info: Option `bookmarksopen' set `true' on input line 4319.
Package hyperref Info: Option `bookmarksnumbered' set `true' on input line 4319
.
Package hyperref Info: Option `breaklinks' set `true' on input line 4319.
Package hyperref Info: Option `linktocpage' set `true' on input line 4319.
Package hyperref Info: Option `colorlinks' set `true' on input line 4319.
Package hyperref Info: Option `hyperindex' set `true' on input line 4319.
Package hyperref Info: Option `hyperfigures' set `true' on input line 4319.
Package hyperref Info: Hyper figures ON on input line 4441.
Package hyperref Info: Link nesting OFF on input line 4448.
Package hyperref Info: Hyper index ON on input line 4451.
Package hyperref Info: Plain pages OFF on input line 4458.
Package hyperref Info: Backreferencing ON on input line 4461.
Package hyperref Info: Implicit mode ON; LaTeX internals redefined.
Package hyperref Info: Bookmarks ON on input line 4688.
("C:\Program Files (x86)\MiKTeX 2.9\tex\latex\hyperref\backref.sty"
Package: backref 2012/07/25 v1.38 Bibliographical back referencing

("C:\Program Files (x86)\MiKTeX 2.9\tex\latex\oberdiek\rerunfilecheck.sty"
Package: rerunfilecheck 2011/04/15 v1.7 Rerun checks for auxiliary files (HO)
Package uniquecounter Info: New unique counter `rerunfilecheck' on input line 2
82.
))
\c@Hy@tempcnt=\count96

("C:\Program Files (x86)\MiKTeX 2.9\tex\latex\url\url.sty"
\Urlmuskip=\muskip10
Package: url 2013/09/16  ver 3.4  Verb mode for urls, etc.
)
LaTeX Info: Redefining \url on input line 5041.
\XeTeXLinkMargin=\dimen109
\Fld@menulength=\count97
\Field@Width=\dimen110
\Fld@charsize=\dimen111
Package hyperref Info: Hyper figures ON on input line 6293.
Package hyperref Info: Link nesting OFF on input line 6300.
Package hyperref Info: Hyper index ON on input line 6303.
Package hyperref Info: backreferencing ON on input line 6308.
Package hyperref Info: Link coloring ON on input line 6313.
Package hyperref Info: Link coloring with OCG OFF on input line 6320.
Package hyperref Info: PDF/A mode OFF on input line 6325.
LaTeX Info: Redefining \ref on input line 6365.
LaTeX Info: Redefining \pageref on input line 6369.
\Hy@abspage=\count98
\c@Item=\count99
\c@Hfootnote=\count100
)

Package hyperref Message: Driver: hpdftex.

("C:\Program Files (x86)\MiKTeX 2.9\tex\latex\hyperref\hpdftex.def"
File: hpdftex.def 2012/11/06 v6.83m Hyperref driver for pdfTeX
\Fld@listcount=\count101
\c@bookmark@seq@number=\count102
\Hy@SectionHShift=\skip46
)
("C:\Program Files (x86)\MiKTeX 2.9\tex\latex\graphics\graphicx.sty"
Package: graphicx 1999/02/16 v1.0f Enhanced LaTeX Graphics (DPC,SPQR)
\Gin@req@height=\dimen112
\Gin@req@width=\dimen113
))
("C:\Program Files (x86)\MiKTeX 2.9\tex\latex\amsmath\amsmath.sty"
Package: amsmath 2013/01/14 v2.14 AMS math features
\@mathmargin=\skip47

For additional information on amsmath, use the `?' option.
("C:\Program Files (x86)\MiKTeX 2.9\tex\latex\amsmath\amstext.sty"
Package: amstext 2000/06/29 v2.01

("C:\Program Files (x86)\MiKTeX 2.9\tex\latex\amsmath\amsgen.sty"
File: amsgen.sty 1999/11/30 v2.0
\@emptytoks=\toks17
\ex@=\dimen114
))
("C:\Program Files (x86)\MiKTeX 2.9\tex\latex\amsmath\amsbsy.sty"
Package: amsbsy 1999/11/29 v1.2d
\pmbraise@=\dimen115
)
("C:\Program Files (x86)\MiKTeX 2.9\tex\latex\amsmath\amsopn.sty"
Package: amsopn 1999/12/14 v2.01 operator names
)
\inf@bad=\count103
LaTeX Info: Redefining \frac on input line 210.
\uproot@=\count104
\leftroot@=\count105
LaTeX Info: Redefining \overline on input line 306.
\classnum@=\count106
\DOTSCASE@=\count107
LaTeX Info: Redefining \ldots on input line 378.
LaTeX Info: Redefining \dots on input line 381.
LaTeX Info: Redefining \cdots on input line 466.
\Mathstrutbox@=\box26
\strutbox@=\box27
\big@size=\dimen116
LaTeX Font Info:    Redeclaring font encoding OML on input line 566.
LaTeX Font Info:    Redeclaring font encoding OMS on input line 567.
\macc@depth=\count108
\c@MaxMatrixCols=\count109
\dotsspace@=\muskip11
\c@parentequation=\count110
\dspbrk@lvl=\count111
\tag@help=\toks18
\row@=\count112
\column@=\count113
\maxfields@=\count114
\andhelp@=\toks19
\eqnshift@=\dimen117
\alignsep@=\dimen118
\tagshift@=\dimen119
\tagwidth@=\dimen120
\totwidth@=\dimen121
\lineht@=\dimen122
\@envbody=\toks20
\multlinegap=\skip48
\multlinetaggap=\skip49
\mathdisplay@stack=\toks21
LaTeX Info: Redefining \[ on input line 2665.
LaTeX Info: Redefining \] on input line 2666.
)
("C:\Program Files (x86)\MiKTeX 2.9\tex\latex\algorithms\algorithm.sty"
Package: algorithm 2009/08/24 v0.1 Document Style `algorithm' - floating enviro
nment

("C:\Program Files (x86)\MiKTeX 2.9\tex\latex\float\float.sty"
Package: float 2001/11/08 v1.3d Float enhancements (AL)
\c@float@type=\count115
\float@exts=\toks22
\float@box=\box28
\@float@everytoks=\toks23
\@floatcapt=\box29
)
\@float@every@algorithm=\toks24
\c@algorithm=\count116
)
("C:\Program Files (x86)\MiKTeX 2.9\tex\latex\algorithms\algorithmic.sty"
Package: algorithmic 2009/08/24 v0.1 Document Style `algorithmic'
\c@ALC@unique=\count117
\c@ALC@line=\count118
\c@ALC@rem=\count119
\c@ALC@depth=\count120
\ALC@tlm=\skip50
\algorithmicindent=\skip51
)
("C:\Program Files (x86)\MiKTeX 2.9\tex\latex\base\inputenc.sty"
Package: inputenc 2008/03/30 v1.1d Input encoding file
\inpenc@prehook=\toks25
\inpenc@posthook=\toks26

("C:\Program Files (x86)\MiKTeX 2.9\tex\latex\base\utf8.def"
File: utf8.def 2008/04/05 v1.1m UTF-8 support for inputenc
Now handling font encoding OML ...
... no UTF-8 mapping file for font encoding OML
Now handling font encoding T1 ...
... processing UTF-8 mapping file for font encoding T1

("C:\Program Files (x86)\MiKTeX 2.9\tex\latex\base\t1enc.dfu"
File: t1enc.dfu 2008/04/05 v1.1m UTF-8 support for inputenc
   defining Unicode char U+00A1 (decimal 161)
   defining Unicode char U+00A3 (decimal 163)
   defining Unicode char U+00AB (decimal 171)
   defining Unicode char U+00BB (decimal 187)
   defining Unicode char U+00BF (decimal 191)
   defining Unicode char U+00C0 (decimal 192)
   defining Unicode char U+00C1 (decimal 193)
   defining Unicode char U+00C2 (decimal 194)
   defining Unicode char U+00C3 (decimal 195)
   defining Unicode char U+00C4 (decimal 196)
   defining Unicode char U+00C5 (decimal 197)
   defining Unicode char U+00C6 (decimal 198)
   defining Unicode char U+00C7 (decimal 199)
   defining Unicode char U+00C8 (decimal 200)
   defining Unicode char U+00C9 (decimal 201)
   defining Unicode char U+00CA (decimal 202)
   defining Unicode char U+00CB (decimal 203)
   defining Unicode char U+00CC (decimal 204)
   defining Unicode char U+00CD (decimal 205)
   defining Unicode char U+00CE (decimal 206)
   defining Unicode char U+00CF (decimal 207)
   defining Unicode char U+00D0 (decimal 208)
   defining Unicode char U+00D1 (decimal 209)
   defining Unicode char U+00D2 (decimal 210)
   defining Unicode char U+00D3 (decimal 211)
   defining Unicode char U+00D4 (decimal 212)
   defining Unicode char U+00D5 (decimal 213)
   defining Unicode char U+00D6 (decimal 214)
   defining Unicode char U+00D8 (decimal 216)
   defining Unicode char U+00D9 (decimal 217)
   defining Unicode char U+00DA (decimal 218)
   defining Unicode char U+00DB (decimal 219)
   defining Unicode char U+00DC (decimal 220)
   defining Unicode char U+00DD (decimal 221)
   defining Unicode char U+00DE (decimal 222)
   defining Unicode char U+00DF (decimal 223)
   defining Unicode char U+00E0 (decimal 224)
   defining Unicode char U+00E1 (decimal 225)
   defining Unicode char U+00E2 (decimal 226)
   defining Unicode char U+00E3 (decimal 227)
   defining Unicode char U+00E4 (decimal 228)
   defining Unicode char U+00E5 (decimal 229)
   defining Unicode char U+00E6 (decimal 230)
   defining Unicode char U+00E7 (decimal 231)
   defining Unicode char U+00E8 (decimal 232)
   defining Unicode char U+00E9 (decimal 233)
   defining Unicode char U+00EA (decimal 234)
   defining Unicode char U+00EB (decimal 235)
   defining Unicode char U+00EC (decimal 236)
   defining Unicode char U+00ED (decimal 237)
   defining Unicode char U+00EE (decimal 238)
   defining Unicode char U+00EF (decimal 239)
   defining Unicode char U+00F0 (decimal 240)
   defining Unicode char U+00F1 (decimal 241)
   defining Unicode char U+00F2 (decimal 242)
   defining Unicode char U+00F3 (decimal 243)
   defining Unicode char U+00F4 (decimal 244)
   defining Unicode char U+00F5 (decimal 245)
   defining Unicode char U+00F6 (decimal 246)
   defining Unicode char U+00F8 (decimal 248)
   defining Unicode char U+00F9 (decimal 249)
   defining Unicode char U+00FA (decimal 250)
   defining Unicode char U+00FB (decimal 251)
   defining Unicode char U+00FC (decimal 252)
   defining Unicode char U+00FD (decimal 253)
   defining Unicode char U+00FE (decimal 254)
   defining Unicode char U+00FF (decimal 255)
   defining Unicode char U+0102 (decimal 258)
   defining Unicode char U+0103 (decimal 259)
   defining Unicode char U+0104 (decimal 260)
   defining Unicode char U+0105 (decimal 261)
   defining Unicode char U+0106 (decimal 262)
   defining Unicode char U+0107 (decimal 263)
   defining Unicode char U+010C (decimal 268)
   defining Unicode char U+010D (decimal 269)
   defining Unicode char U+010E (decimal 270)
   defining Unicode char U+010F (decimal 271)
   defining Unicode char U+0110 (decimal 272)
   defining Unicode char U+0111 (decimal 273)
   defining Unicode char U+0118 (decimal 280)
   defining Unicode char U+0119 (decimal 281)
   defining Unicode char U+011A (decimal 282)
   defining Unicode char U+011B (decimal 283)
   defining Unicode char U+011E (decimal 286)
   defining Unicode char U+011F (decimal 287)
   defining Unicode char U+0130 (decimal 304)
   defining Unicode char U+0131 (decimal 305)
   defining Unicode char U+0132 (decimal 306)
   defining Unicode char U+0133 (decimal 307)
   defining Unicode char U+0139 (decimal 313)
   defining Unicode char U+013A (decimal 314)
   defining Unicode char U+013D (decimal 317)
   defining Unicode char U+013E (decimal 318)
   defining Unicode char U+0141 (decimal 321)
   defining Unicode char U+0142 (decimal 322)
   defining Unicode char U+0143 (decimal 323)
   defining Unicode char U+0144 (decimal 324)
   defining Unicode char U+0147 (decimal 327)
   defining Unicode char U+0148 (decimal 328)
   defining Unicode char U+014A (decimal 330)
   defining Unicode char U+014B (decimal 331)
   defining Unicode char U+0150 (decimal 336)
   defining Unicode char U+0151 (decimal 337)
   defining Unicode char U+0152 (decimal 338)
   defining Unicode char U+0153 (decimal 339)
   defining Unicode char U+0154 (decimal 340)
   defining Unicode char U+0155 (decimal 341)
   defining Unicode char U+0158 (decimal 344)
   defining Unicode char U+0159 (decimal 345)
   defining Unicode char U+015A (decimal 346)
   defining Unicode char U+015B (decimal 347)
   defining Unicode char U+015E (decimal 350)
   defining Unicode char U+015F (decimal 351)
   defining Unicode char U+0160 (decimal 352)
   defining Unicode char U+0161 (decimal 353)
   defining Unicode char U+0162 (decimal 354)
   defining Unicode char U+0163 (decimal 355)
   defining Unicode char U+0164 (decimal 356)
   defining Unicode char U+0165 (decimal 357)
   defining Unicode char U+016E (decimal 366)
   defining Unicode char U+016F (decimal 367)
   defining Unicode char U+0170 (decimal 368)
   defining Unicode char U+0171 (decimal 369)
   defining Unicode char U+0178 (decimal 376)
   defining Unicode char U+0179 (decimal 377)
   defining Unicode char U+017A (decimal 378)
   defining Unicode char U+017B (decimal 379)
   defining Unicode char U+017C (decimal 380)
   defining Unicode char U+017D (decimal 381)
   defining Unicode char U+017E (decimal 382)
   defining Unicode char U+200C (decimal 8204)
   defining Unicode char U+2013 (decimal 8211)
   defining Unicode char U+2014 (decimal 8212)
   defining Unicode char U+2018 (decimal 8216)
   defining Unicode char U+2019 (decimal 8217)
   defining Unicode char U+201A (decimal 8218)
   defining Unicode char U+201C (decimal 8220)
   defining Unicode char U+201D (decimal 8221)
   defining Unicode char U+201E (decimal 8222)
   defining Unicode char U+2030 (decimal 8240)
   defining Unicode char U+2031 (decimal 8241)
   defining Unicode char U+2039 (decimal 8249)
   defining Unicode char U+203A (decimal 8250)
   defining Unicode char U+2423 (decimal 9251)
)
Now handling font encoding OT1 ...
... processing UTF-8 mapping file for font encoding OT1

("C:\Program Files (x86)\MiKTeX 2.9\tex\latex\base\ot1enc.dfu"
File: ot1enc.dfu 2008/04/05 v1.1m UTF-8 support for inputenc
   defining Unicode char U+00A1 (decimal 161)
   defining Unicode char U+00A3 (decimal 163)
   defining Unicode char U+00B8 (decimal 184)
   defining Unicode char U+00BF (decimal 191)
   defining Unicode char U+00C5 (decimal 197)
   defining Unicode char U+00C6 (decimal 198)
   defining Unicode char U+00D8 (decimal 216)
   defining Unicode char U+00DF (decimal 223)
   defining Unicode char U+00E6 (decimal 230)
   defining Unicode char U+00EC (decimal 236)
   defining Unicode char U+00ED (decimal 237)
   defining Unicode char U+00EE (decimal 238)
   defining Unicode char U+00EF (decimal 239)
   defining Unicode char U+00F8 (decimal 248)
   defining Unicode char U+0131 (decimal 305)
   defining Unicode char U+0141 (decimal 321)
   defining Unicode char U+0142 (decimal 322)
   defining Unicode char U+0152 (decimal 338)
   defining Unicode char U+0153 (decimal 339)
   defining Unicode char U+2013 (decimal 8211)
   defining Unicode char U+2014 (decimal 8212)
   defining Unicode char U+2018 (decimal 8216)
   defining Unicode char U+2019 (decimal 8217)
   defining Unicode char U+201C (decimal 8220)
   defining Unicode char U+201D (decimal 8221)
)
Now handling font encoding OMS ...
... processing UTF-8 mapping file for font encoding OMS

("C:\Program Files (x86)\MiKTeX 2.9\tex\latex\base\omsenc.dfu"
File: omsenc.dfu 2008/04/05 v1.1m UTF-8 support for inputenc
   defining Unicode char U+00A7 (decimal 167)
   defining Unicode char U+00B6 (decimal 182)
   defining Unicode char U+00B7 (decimal 183)
   defining Unicode char U+2020 (decimal 8224)
   defining Unicode char U+2021 (decimal 8225)
   defining Unicode char U+2022 (decimal 8226)
)
Now handling font encoding OMX ...
... no UTF-8 mapping file for font encoding OMX
Now handling font encoding U ...
... no UTF-8 mapping file for font encoding U
Now handling font encoding PD1 ...
... no UTF-8 mapping file for font encoding PD1
   defining Unicode char U+00A9 (decimal 169)
   defining Unicode char U+00AA (decimal 170)
   defining Unicode char U+00AE (decimal 174)
   defining Unicode char U+00BA (decimal 186)
   defining Unicode char U+02C6 (decimal 710)
   defining Unicode char U+02DC (decimal 732)
   defining Unicode char U+200C (decimal 8204)
   defining Unicode char U+2026 (decimal 8230)
   defining Unicode char U+2122 (decimal 8482)
   defining Unicode char U+2423 (decimal 9251)
))
("C:\Program Files (x86)\MiKTeX 2.9\tex\latex\tools\array.sty"
Package: array 2008/09/09 v2.4c Tabular extension package (FMi)
\col@sep=\dimen123
\extrarowheight=\dimen124
\NC@list=\toks27
\extratabsurround=\skip52
\backup@length=\skip53
)
("C:\Program Files (x86)\MiKTeX 2.9\tex\latex\oberdiek\epstopdf.sty"
Package: epstopdf 2010/02/09 v2.5 Conversion with epstopdf on the fly (HO)

("C:\Program Files (x86)\MiKTeX 2.9\tex\latex\oberdiek\epstopdf-base.sty"
Package: epstopdf-base 2010/02/09 v2.5 Base part for package epstopdf

("C:\Program Files (x86)\MiKTeX 2.9\tex\latex\oberdiek\grfext.sty"
Package: grfext 2010/08/19 v1.1 Manage graphics extensions (HO)
)
Package grfext Info: Graphics extension search list:
(grfext)             [.png,.jpg,.pdf,.eps]
(grfext)             \AppendGraphicsExtensions on input line 452.
))
("D:\Files\Desktop\Tesi\latex\algorithms-controlling-tracking (2)\algorithms-co
ntrolling-tracking\PhDThesis_example.aux"
("D:\Files\Desktop\Tesi\latex\algorithms-controlling-tracking (2)\algorithms-co
ntrolling-tracking\Acknowledgement/acknowledgement.aux")
("D:\Files\Desktop\Tesi\latex\algorithms-controlling-tracking (2)\algorithms-co
ntrolling-tracking\Dedication/dedication.aux")
("D:\Files\Desktop\Tesi\latex\algorithms-controlling-tracking (2)\algorithms-co
ntrolling-tracking\Abstract/abstract.aux")
("D:\Files\Desktop\Tesi\latex\algorithms-controlling-tracking (2)\algorithms-co
ntrolling-tracking\Introduction/introduction.aux")
("D:\Files\Desktop\Tesi\latex\algorithms-controlling-tracking (2)\algorithms-co
ntrolling-tracking\Chapter2/chapter2.aux")
("D:\Files\Desktop\Tesi\latex\algorithms-controlling-tracking (2)\algorithms-co
ntrolling-tracking\Chapter3/chapter3.aux")
("D:\Files\Desktop\Tesi\latex\algorithms-controlling-tracking (2)\algorithms-co
ntrolling-tracking\Chapter4/chapter4.aux"

LaTeX Warning: Label `figure:refframes' multiply defined.

)
("D:\Files\Desktop\Tesi\latex\algorithms-controlling-tracking (2)\algorithms-co
ntrolling-tracking\Chapter5/chapter5.aux")
("D:\Files\Desktop\Tesi\latex\algorithms-controlling-tracking (2)\algorithms-co
ntrolling-tracking\Chapter6/chapter6.aux")
("D:\Files\Desktop\Tesi\latex\algorithms-controlling-tracking (2)\algorithms-co
ntrolling-tracking\Chapter7/chapter7.aux")
("D:\Files\Desktop\Tesi\latex\algorithms-controlling-tracking (2)\algorithms-co
ntrolling-tracking\Chapter8/chapter8.aux"

LaTeX Warning: Label `chap:fifth ' multiply defined.

)
("D:\Files\Desktop\Tesi\latex\algorithms-controlling-tracking (2)\algorithms-co
ntrolling-tracking\Conclusions/conclusions.aux")
("D:\Files\Desktop\Tesi\latex\algorithms-controlling-tracking (2)\algorithms-co
ntrolling-tracking\Appendix1/appendix1.aux"))
LaTeX Font Info:    Checking defaults for OML/cmm/m/it on input line 53.
LaTeX Font Info:    ... okay on input line 53.
LaTeX Font Info:    Checking defaults for T1/cmr/m/n on input line 53.
LaTeX Font Info:    ... okay on input line 53.
LaTeX Font Info:    Checking defaults for OT1/cmr/m/n on input line 53.
LaTeX Font Info:    ... okay on input line 53.
LaTeX Font Info:    Checking defaults for OMS/cmsy/m/n on input line 53.
LaTeX Font Info:    ... okay on input line 53.
LaTeX Font Info:    Checking defaults for OMX/cmex/m/n on input line 53.
LaTeX Font Info:    ... okay on input line 53.
LaTeX Font Info:    Checking defaults for U/cmr/m/n on input line 53.
LaTeX Font Info:    ... okay on input line 53.
LaTeX Font Info:    Checking defaults for PD1/pdf/m/n on input line 53.
LaTeX Font Info:    ... okay on input line 53.

("C:\Program Files (x86)\MiKTeX 2.9\tex\context\base\supp-pdf.mkii"
[Loading MPS to PDF converter (version 2006.09.02).]
\scratchcounter=\count121
\scratchdimen=\dimen125
\scratchbox=\box30
\nofMPsegments=\count122
\nofMParguments=\count123
\everyMPshowfont=\toks28
\MPscratchCnt=\count124
\MPscratchDim=\dimen126
\MPnumerator=\count125
\makeMPintoPDFobject=\count126
\everyMPtoPDFconversion=\toks29
)
\AtBeginShipoutBox=\box31
Package backref Info: ** backref set up for natbib ** on input line 53.
Package hyperref Info: Link coloring ON on input line 53.
 ("C:\Program Files (x86)\MiKTeX 2.9\tex\latex\hyperref\nameref.sty"
Package: nameref 2012/10/27 v2.43 Cross-referencing by name of section

("C:\Program Files (x86)\MiKTeX 2.9\tex\generic\oberdiek\gettitlestring.sty"
Package: gettitlestring 2010/12/03 v1.4 Cleanup title references (HO)
)
\c@section@level=\count127
)
LaTeX Info: Redefining \ref on input line 53.
LaTeX Info: Redefining \pageref on input line 53.
LaTeX Info: Redefining \nameref on input line 53.

("D:\Files\Desktop\Tesi\latex\algorithms-controlling-tracking (2)\algorithms-co
ntrolling-tracking\PhDThesis_example.out")
("D:\Files\Desktop\Tesi\latex\algorithms-controlling-tracking (2)\algorithms-co
ntrolling-tracking\PhDThesis_example.out")
\@outlinefile=\write4
Package epstopdf Info: Source file: <Figures/System/logo_unige.eps>
(epstopdf)                    date: 2015-09-02 01:55:48
(epstopdf)                    size: 425412 bytes
(epstopdf)             Output file: <Figures/System/logo_unige-eps-converted-to
.pdf>
(epstopdf)                    date: 2015-09-02 14:12:10
(epstopdf)                    size: 19286 bytes
(epstopdf)             Command: <epstopdf --outfile=Figures/System/logo_unige-e
ps-converted-to.pdf Figures/System/logo_unige.eps>
(epstopdf)             \includegraphics on input line 62.
Package epstopdf Info: Output file is already uptodate.

<Figures/System/logo_unige-eps-converted-to.pdf, id=175, 405.515pt x 470.75874p
t>
File: Figures/System/logo_unige-eps-converted-to.pdf Graphic file (type pdf)
 <use Figures/System/logo_unige-eps-converted-to.pdf>
Package pdftex.def Info: Figures/System/logo_unige-eps-converted-to.pdf used on
 input line 62.
(pdftex.def)             Requested size: 99.58464pt x 115.60626pt.

Underfull \hbox (badness 10000) has occurred while \output is active
[]
 []

[1

{C:/Users/andrea/AppData/Local/MiKTeX/2.9/pdftex/config/pdftex.map} <D:/Files/D
esktop/Tesi/latex/algorithms-controlling-tracking (2)/algorithms-controlling-tr
acking/Figures/System/logo_unige-eps-converted-to.pdf>]
Underfull \hbox (badness 10000) has occurred while \output is active
[]
 []

[2]
("D:\Files\Desktop\Tesi\latex\algorithms-controlling-tracking (2)\algorithms-co
ntrolling-tracking\Acknowledgement/acknowledgement.tex"
Underfull \hbox (badness 10000) has occurred while \output is active
[]
 []

[1


])
("D:\Files\Desktop\Tesi\latex\algorithms-controlling-tracking (2)\algorithms-co
ntrolling-tracking\Dedication/dedication.tex"
Underfull \hbox (badness 10000) has occurred while \output is active
[]
 []

[2


])
("D:\Files\Desktop\Tesi\latex\algorithms-controlling-tracking (2)\algorithms-co
ntrolling-tracking\Abstract/abstract.tex"
Underfull \hbox (badness 10000) has occurred while \output is active
[]
 []

[3


])
("D:\Files\Desktop\Tesi\latex\algorithms-controlling-tracking (2)\algorithms-co
ntrolling-tracking\PhDThesis_example.toc"
LaTeX Font Info:    Try loading font information for U+msa on input line 3.

("C:\Program Files (x86)\MiKTeX 2.9\tex\latex\amsfonts\umsa.fd"
File: umsa.fd 2013/01/14 v3.01 AMS symbols A
)
LaTeX Font Info:    Try loading font information for U+msb on input line 3.

("C:\Program Files (x86)\MiKTeX 2.9\tex\latex\amsfonts\umsb.fd"
File: umsb.fd 2013/01/14 v3.01 AMS symbols B
) [4
\FN@pp@footnotehinttrue 


])
\tf@toc=\write5
 [5]
("D:\Files\Desktop\Tesi\latex\algorithms-controlling-tracking (2)\algorithms-co
ntrolling-tracking\PhDThesis_example.lof")
\tf@lof=\write6
 [6

]
("D:\Files\Desktop\Tesi\latex\algorithms-controlling-tracking (2)\algorithms-co
ntrolling-tracking\Introduction/introduction.tex"
Chapter 1.

Underfull \hbox (badness 10000) in paragraph at lines 19--20

 []

<Introduction/Figures/amazon.jpg, id=311, 560.0925pt x 320.19624pt>
File: Introduction/Figures/amazon.jpg Graphic file (type jpg)

<use Introduction/Figures/amazon.jpg>
Package pdftex.def Info: Introduction/Figures/amazon.jpg used on input line 24.

(pdftex.def)             Requested size: 165.02345pt x 94.3398pt.

<Introduction/Figures/police-drone.jpg, id=312, 582.175pt x 326.21875pt>
File: Introduction/Figures/police-drone.jpg Graphic file (type jpg)

<use Introduction/Figures/police-drone.jpg>
Package pdftex.def Info: Introduction/Figures/police-drone.jpg used on input li
ne 25.
(pdftex.def)             Requested size: 165.02345pt x 92.46558pt.

<Introduction/Figures/gopro.jpg, id=313, 285.065pt x 177.66376pt>
File: Introduction/Figures/gopro.jpg Graphic file (type jpg)

<use Introduction/Figures/gopro.jpg>
Package pdftex.def Info: Introduction/Figures/gopro.jpg used on input line 26.
(pdftex.def)             Requested size: 165.02345pt x 102.84714pt.

<Introduction/Figures/microcopter.jpg, id=314, 588.1975pt x 398.48875pt>
File: Introduction/Figures/microcopter.jpg Graphic file (type jpg)

<use Introduction/Figures/microcopter.jpg>
Package pdftex.def Info: Introduction/Figures/microcopter.jpg used on input lin
e 27.
(pdftex.def)             Requested size: 165.02345pt x 111.79498pt.


LaTeX Warning: `h' float specifier changed to `ht'.


Underfull \hbox (badness 10000) in paragraph at lines 33--35

 []

pdfTeX warning (ext4): destination with the same identifier (name{page.1}) has 
been already used, duplicate ignored
<to be read again> 
                   \relax 
l.35 
      [1



]
Underfull \hbox (badness 10000) in paragraph at lines 36--37

 []

pdfTeX warning (ext4): destination with the same identifier (name{page.2}) has 
been already used, duplicate ignored
<to be read again> 
                   \relax 
l.43 \newpage
              [2pdfTeX warning (ext4): destination with the same identifier (na
me{figure.1.1}) has been already used, duplicate ignored

\AtBegShi@Output ...ipout \box \AtBeginShipoutBox 
                                                  \fi \fi 
l.43 \newpage
              <D:/Files/Desktop/Tesi/latex/algorithms-controlling-tracking (2)/
algorithms-controlling-tracking/Introduction/Figures/amazon.jpg> <D:/Files/Desk
top/Tesi/latex/algorithms-controlling-tracking (2)/algorithms-controlling-track
ing/Introduction/Figures/police-drone.jpg> <D:/Files/Desktop/Tesi/latex/algorit
hms-controlling-tracking (2)/algorithms-controlling-tracking/Introduction/Figur
es/gopro.jpg> <D:/Files/Desktop/Tesi/latex/algorithms-controlling-tracking (2)/
algorithms-controlling-tracking/Introduction/Figures/microcopter.jpg>]
Underfull \hbox (badness 10000) in paragraph at lines 47--49

 []

LaTeX Font Info:    Try loading font information for OMS+cmr on input line 64.
("C:\Program Files (x86)\MiKTeX 2.9\tex\latex\base\omscmr.fd"
File: omscmr.fd 1999/05/25 v2.5h Standard LaTeX font definitions
)
LaTeX Font Info:    Font shape `OMS/cmr/m/n' in size <12> not available
(Font)              Font shape `OMS/cmsy/m/n' tried instead on input line 64.
) [3]
("D:\Files\Desktop\Tesi\latex\algorithms-controlling-tracking (2)\algorithms-co
ntrolling-tracking\Chapter2/chapter2.tex"
Chapter 2.
<Chapter2/Figures/predator.jpg, id=336, 552.0625pt x 367.3725pt>
File: Chapter2/Figures/predator.jpg Graphic file (type jpg)

<use Chapter2/Figures/predator.jpg>
Package pdftex.def Info: Chapter2/Figures/predator.jpg used on input line 24.
(pdftex.def)             Requested size: 288.7942pt x 192.18954pt.
 [4



]
<Chapter2/Figures/Asctec_Falcon.jpg, id=344, 296.7888pt x 196.5744pt>
File: Chapter2/Figures/Asctec_Falcon.jpg Graphic file (type jpg)

<use Chapter2/Figures/Asctec_Falcon.jpg>
Package pdftex.def Info: Chapter2/Figures/Asctec_Falcon.jpg used on input line 
39.
(pdftex.def)             Requested size: 113.81102pt x 75.38292pt.

Underfull \hbox (badness 10000) in paragraph at lines 43--44
[]|\OT1/cmr/m/n/12 Produced by As-cend-ing
 []

<Chapter2/Figures/phantom.jpg, id=346, 1284.8pt x 722.7pt>
File: Chapter2/Figures/phantom.jpg Graphic file (type jpg)

<use Chapter2/Figures/phantom.jpg>
Package pdftex.def Info: Chapter2/Figures/phantom.jpg used on input line 47.
(pdftex.def)             Requested size: 113.81102pt x 64.01463pt.

Underfull \hbox (badness 6978) in paragraph at lines 48--49
[]|\OT1/cmr/bx/n/12 Phantom 3\OT1/cmr/m/n/12 , ready to
 []

<Chapter2/Figures/parrot.jpg, id=348, 855.195pt x 459.21562pt>
File: Chapter2/Figures/parrot.jpg Graphic file (type jpg)

<use Chapter2/Figures/parrot.jpg>
Package pdftex.def Info: Chapter2/Figures/parrot.jpg used on input line 53.
(pdftex.def)             Requested size: 113.81102pt x 61.10854pt.

Underfull \hbox (badness 1412) in paragraph at lines 54--55
[]|\OT1/cmr/bx/n/12 AR.Drone\OT1/cmr/m/n/12 , ready to fly
 []

<Chapter2/Figures/special_one.jpg, id=350, 1284.8pt x 963.6pt>
File: Chapter2/Figures/special_one.jpg Graphic file (type jpg)

<use Chapter2/Figures/special_one.jpg>
Package pdftex.def Info: Chapter2/Figures/special_one.jpg used on input line 59
.
(pdftex.def)             Requested size: 113.81102pt x 85.35284pt.

<Chapter2/Figures/iri.jpg, id=353, 923.45pt x 615.29875pt>
File: Chapter2/Figures/iri.jpg Graphic file (type jpg)

<use Chapter2/Figures/iri.jpg>
Package pdftex.def Info: Chapter2/Figures/iri.jpg used on input line 65.
(pdftex.def)             Requested size: 113.81102pt x 75.83244pt.

Overfull \hbox (23.3736pt too wide) in paragraph at lines 33--71
 [][] 
 []


LaTeX Warning: `h' float specifier changed to `ht'.

[5pdfTeX warning (ext4): destination with the same identifier (name{figure.2.1}
) has been already used, duplicate ignored

\AtBegShi@Output ...ipout \box \AtBeginShipoutBox 
                                                  \fi \fi 
l.73 ...mi-professional, and not-professional.\par
                                                   Professional copters are ...
 <D:/Files/Desktop/Tesi/latex/algorithms-controlling-tracking (2)/algorithms-co
ntrolling-tracking/Chapter2/Figures/predator.jpg>] [6pdfTeX warning (ext4): des
tination with the same identifier (name{table.2.1}) has been already used, dupl
icate ignored

\AtBegShi@Output ...ipout \box \AtBeginShipoutBox 
                                                  \fi \fi 
l.74 \par
          A quadrotor architecture is chosen for this thesis since they are ...
 <D:/Files/Desktop/Tesi/latex/algorithms-controlling-tracking (2)/algorithms-co
ntrolling-tracking/Chapter2/Figures/Asctec_Falcon.jpg> <D:/Files/Desktop/Tesi/l
atex/algorithms-controlling-tracking (2)/algorithms-controlling-tracking/Chapte
r2/Figures/phantom.jpg> <D:/Files/Desktop/Tesi/latex/algorithms-controlling-tra
cking (2)/algorithms-controlling-tracking/Chapter2/Figures/parrot.jpg> <D:/File
s/Desktop/Tesi/latex/algorithms-controlling-tracking (2)/algorithms-controlling
-tracking/Chapter2/Figures/special_one.jpg> <D:/Files/Desktop/Tesi/latex/algori
thms-controlling-tracking (2)/algorithms-controlling-tracking/Chapter2/Figures/
iri.jpg>] <Chapter2/Figures/motionstage.jpg, id=373, 1204.5pt x 803.0pt>
File: Chapter2/Figures/motionstage.jpg Graphic file (type jpg)

<use Chapter2/Figures/motionstage.jpg>
Package pdftex.def Info: Chapter2/Figures/motionstage.jpg used on input line 81
.
(pdftex.def)             Requested size: 288.7942pt x 192.5279pt.


LaTeX Warning: `h' float specifier changed to `ht'.

[7] [8pdfTeX warning (ext4): destination with the same identifier (name{figure.
2.2}) has been already used, duplicate ignored

\AtBegShi@Output ...ipout \box \AtBeginShipoutBox 
                                                  \fi \fi 
l.94 ...lution in commercial and DIY products.\par
                                                   Till now APM seems to be ...
 <D:/Files/Desktop/Tesi/latex/algorithms-controlling-tracking (2)/algorithms-co
ntrolling-tracking/Chapter2/Figures/motionstage.jpg>]
Underfull \hbox (badness 10000) in paragraph at lines 94--95

 []

[9]
Underfull \hbox (badness 10000) in paragraph at lines 100--101

 []

[10]
Underfull \hbox (badness 10000) in paragraph at lines 113--114

 []

[11] [12] [13]
Underfull \hbox (badness 10000) in paragraph at lines 133--134

 []


Underfull \hbox (badness 10000) in paragraph at lines 137--138

 []

[14]) [15]
("D:\Files\Desktop\Tesi\latex\algorithms-controlling-tracking (2)\algorithms-co
ntrolling-tracking\Chapter3/chapter3.tex"
Chapter 3.
[16



] <Chapter3/Figures/iris.jpg, id=483, 602.25pt x 462.72874pt>
File: Chapter3/Figures/iris.jpg Graphic file (type jpg)

<use Chapter3/Figures/iris.jpg>
Package pdftex.def Info: Chapter3/Figures/iris.jpg used on input line 36.
(pdftex.def)             Requested size: 330.05322pt x 253.59782pt.

Underfull \hbox (badness 10000) in paragraph at lines 41--43

 []

<Chapter3/Figures/iris_planner.jpg, id=485, 1236.62pt x 819.06pt>
File: Chapter3/Figures/iris_planner.jpg Graphic file (type jpg)

<use Chapter3/Figures/iris_planner.jpg>
Package pdftex.def Info: Chapter3/Figures/iris_planner.jpg used on input line 4
7.
(pdftex.def)             Requested size: 247.54149pt x 163.94656pt.


LaTeX Warning: `h' float specifier changed to `ht'.

[17pdfTeX warning (ext4): destination with the same identifier (name{figure.3.1
}) has been already used, duplicate ignored

\AtBegShi@Output ...ipout \box \AtBeginShipoutBox 
                                                  \fi \fi 
l.54 
      <D:/Files/Desktop/Tesi/latex/algorithms-controlling-tracking (2)/algorith
ms-controlling-tracking/Chapter3/Figures/iris.jpg>] [18pdfTeX warning (ext4): d
estination with the same identifier (name{figure.3.2}) has been already used, d
uplicate ignored

\AtBegShi@Output ...ipout \box \AtBeginShipoutBox 
                                                  \fi \fi 
l.68 \end{itemize}
                   <D:/Files/Desktop/Tesi/latex/algorithms-controlling-tracking
 (2)/algorithms-controlling-tracking/Chapter3/Figures/iris_planner.jpg>]
<Chapter3/Figures/pixhawk.PNG, id=499, 411.78844pt x 265.74281pt>
File: Chapter3/Figures/pixhawk.PNG Graphic file (type png)

<use Chapter3/Figures/pixhawk.PNG>
Package pdftex.def Info: Chapter3/Figures/pixhawk.PNG used on input line 72.
(pdftex.def)             Requested size: 330.05322pt x 212.99597pt.
 [19pdfTeX warning (ext4): destination with the same identifier (name{figure.3.
3}) has been already used, duplicate ignored

\AtBegShi@Output ...ipout \box \AtBeginShipoutBox 
                                                  \fi \fi 
l.92 \end{itemize}
                   <D:/Files/Desktop/Tesi/latex/algorithms-controlling-tracking
 (2)/algorithms-controlling-tracking/Chapter3/Figures/pixhawk.PNG>]
Underfull \hbox (badness 10000) in paragraph at lines 96--99

 []

<Chapter3/Figures/groundcontrol.jpg, id=511, 1284.8pt x 722.7pt>
File: Chapter3/Figures/groundcontrol.jpg Graphic file (type jpg)

<use Chapter3/Figures/groundcontrol.jpg>
Package pdftex.def Info: Chapter3/Figures/groundcontrol.jpg used on input line 
102.
(pdftex.def)             Requested size: 371.30594pt x 208.86084pt.
 [20pdfTeX warning (ext4): destination with the same identifier (name{figure.3.
4}) has been already used, duplicate ignored

\AtBegShi@Output ...ipout \box \AtBeginShipoutBox 
                                                  \fi \fi 
l.134 \end{table}
                  <D:/Files/Desktop/Tesi/latex/algorithms-controlling-tracking 
(2)/algorithms-controlling-tracking/Chapter3/Figures/groundcontrol.jpg>]
<Chapter3/Figures/MAVPack.PNG, id=519, 563.85657pt x 575.90157pt>
File: Chapter3/Figures/MAVPack.PNG Graphic file (type png)

<use Chapter3/Figures/MAVPack.PNG>
Package pdftex.def Info: Chapter3/Figures/MAVPack.PNG used on input line 146.
(pdftex.def)             Requested size: 412.56496pt x 421.38007pt.
 [21pdfTeX warning (ext4): destination with the same identifier (name{table.3.1
}) has been already used, duplicate ignored

\AtBegShi@Output ...ipout \box \AtBeginShipoutBox 
                                                  \fi \fi 
l.150 
      ] [22pdfTeX warning (ext4): destination with the same identifier (name{fi
gure.3.5}) has been already used, duplicate ignored

\AtBegShi@Output ...ipout \box \AtBeginShipoutBox 
                                                  \fi \fi 
l.151 \newpage
               <D:/Files/Desktop/Tesi/latex/algorithms-controlling-tracking (2)
/algorithms-controlling-tracking/Chapter3/Figures/MAVPack.PNG>]
Underfull \hbox (badness 10000) in paragraph at lines 154--155

 []

<Chapter3/Figures/flex13.PNG, id=534, 243.91125pt x 209.28188pt>
File: Chapter3/Figures/flex13.PNG Graphic file (type png)

<use Chapter3/Figures/flex13.PNG>
Package pdftex.def Info: Chapter3/Figures/flex13.PNG used on input line 158.
(pdftex.def)             Requested size: 330.05322pt x 283.1985pt.

Underfull \hbox (badness 10000) in paragraph at lines 163--164

 []


Underfull \hbox (badness 10000) in paragraph at lines 173--174

 []

[23pdfTeX warning (ext4): destination with the same identifier (name{figure.3.6
}) has been already used, duplicate ignored

\AtBegShi@Output ...ipout \box \AtBeginShipoutBox 
                                                  \fi \fi 
l.174 
       <D:/Files/Desktop/Tesi/latex/algorithms-controlling-tracking (2)/algorit
hms-controlling-tracking/Chapter3/Figures/flex13.PNG>]
Underfull \hbox (badness 10000) in paragraph at lines 175--176

 []

<Chapter3/Figures/marker.jpg, id=542, 70.8246pt x 70.8246pt>
File: Chapter3/Figures/marker.jpg Graphic file (type jpg)

<use Chapter3/Figures/marker.jpg>
Package pdftex.def Info: Chapter3/Figures/marker.jpg used on input line 179.
(pdftex.def)             Requested size: 82.51172pt x 82.51643pt.

Underfull \hbox (badness 10000) in paragraph at lines 187--188

 []


Underfull \hbox (badness 10000) in paragraph at lines 189--192

 []

<Chapter3/Figures/HUB.png, id=545, 258.9675pt x 234.8775pt>
File: Chapter3/Figures/HUB.png Graphic file (type png)

<use Chapter3/Figures/HUB.png>
Package pdftex.def Info: Chapter3/Figures/HUB.png used on input line 195.
(pdftex.def)             Requested size: 206.28247pt x 187.10303pt.
 [24pdfTeX warning (ext4): destination with the same identifier (name{figure.3.
7}) has been already used, duplicate ignored

\AtBegShi@Output ...ipout \box \AtBeginShipoutBox 
                                                  \fi \fi 
l.199 
       <D:/Files/Desktop/Tesi/latex/algorithms-controlling-tracking (2)/algorit
hms-controlling-tracking/Chapter3/Figures/marker.jpg>]
<Chapter3/Figures/motiv_iris.PNG, id=550, 510.40688pt x 339.51843pt>
File: Chapter3/Figures/motiv_iris.PNG Graphic file (type png)

<use Chapter3/Figures/motiv_iris.PNG>
Package pdftex.def Info: Chapter3/Figures/motiv_iris.PNG used on input line 202
.
(pdftex.def)             Requested size: 288.7942pt x 192.11319pt.
 [25pdfTeX warning (ext4): destination with the same identifier (name{figure.3.
8}) has been already used, duplicate ignored

\AtBegShi@Output ...ipout \box \AtBeginShipoutBox 
                                                  \fi \fi 
l.213 \item R
             igid bodies with symmetric shapes induce big uncertainties in a...
pdfTeX warning (ext4): destination with the same identifier (name{figure.3.9}) 
has been already used, duplicate ignored

\AtBegShi@Output ...ipout \box \AtBeginShipoutBox 
                                                  \fi \fi 
l.213 \item R
             igid bodies with symmetric shapes induce big uncertainties in a...
 <D:/Files/Desktop/Tesi/latex/algorithms-controlling-tracking (2)/algorithms-co
ntrolling-tracking/Chapter3/Figures/HUB.png (PNG copy)> <D:/Files/Desktop/Tesi/
latex/algorithms-controlling-tracking (2)/algorithms-controlling-tracking/Chapt
er3/Figures/motiv_iris.PNG>]
<Chapter3/Figures/irismarker.jpg, id=558, 1842.885pt x 1683.28876pt>
File: Chapter3/Figures/irismarker.jpg Graphic file (type jpg)

<use Chapter3/Figures/irismarker.jpg>
Package pdftex.def Info: Chapter3/Figures/irismarker.jpg used on input line 220
.
(pdftex.def)             Requested size: 288.7942pt x 263.78377pt.
 [26pdfTeX warning (ext4): destination with the same identifier (name{figure.3.
10}) has been already used, duplicate ignored

\AtBegShi@Output ...ipout \box \AtBeginShipoutBox 
                                                  \fi \fi 
l.225 \newpage
               <D:/Files/Desktop/Tesi/latex/algorithms-controlling-tracking (2)
/algorithms-controlling-tracking/Chapter3/Figures/irismarker.jpg>]
<Chapter3/Figures/flight_arena.png, id=564, 278.2395pt x 298.11375pt>
File: Chapter3/Figures/flight_arena.png Graphic file (type png)

<use Chapter3/Figures/flight_arena.png>
Package pdftex.def Info: Chapter3/Figures/flight_arena.png used on input line 2
32.
(pdftex.def)             Requested size: 330.05322pt x 353.64984pt.

<Chapter3/Figures/motiv_panorama.PNG, id=565, 497.60907pt x 335.75438pt>
File: Chapter3/Figures/motiv_panorama.PNG Graphic file (type png)

<use Chapter3/Figures/motiv_panorama.PNG>
Package pdftex.def Info: Chapter3/Figures/motiv_panorama.PNG used on input line
 240.
(pdftex.def)             Requested size: 330.05322pt x 222.70006pt.


LaTeX Warning: `h' float specifier changed to `ht'.

[27pdfTeX warning (ext4): destination with the same identifier (name{figure.3.1
1}) has been already used, duplicate ignored

\AtBegShi@Output ...ipout \box \AtBeginShipoutBox 
                                                  \fi \fi 
l.251 
       <D:/Files/Desktop/Tesi/latex/algorithms-controlling-tracking (2)/algorit
hms-controlling-tracking/Chapter3/Figures/flight_arena.png>]
Underfull \hbox (badness 10000) in paragraph at lines 254--255

 []


Underfull \hbox (badness 10000) in paragraph at lines 267--268

 []

[28pdfTeX warning (ext4): destination with the same identifier (name{figure.3.1
2}) has been already used, duplicate ignored

\AtBegShi@Output ...ipout \box \AtBeginShipoutBox 
                                                  \fi \fi 
l.268 
       <D:/Files/Desktop/Tesi/latex/algorithms-controlling-tracking (2)/algorit
hms-controlling-tracking/Chapter3/Figures/motiv_panorama.PNG>]
<Chapter3/Figures/telemetry.jpg, id=579, 410.4936pt x 289.08pt>
File: Chapter3/Figures/telemetry.jpg Graphic file (type jpg)

<use Chapter3/Figures/telemetry.jpg>
Package pdftex.def Info: Chapter3/Figures/telemetry.jpg used on input line 282.

(pdftex.def)             Requested size: 247.54149pt x 174.32712pt.

Underfull \hbox (badness 10000) in paragraph at lines 279--287

 []

[29pdfTeX warning (ext4): destination with the same identifier (name{figure.3.1
3}) has been already used, duplicate ignored

\AtBegShi@Output ...ipout \box \AtBeginShipoutBox 
                                                  \fi \fi 
l.296 \item M
             AVLink protocol framing. <D:/Files/Desktop/Tesi/latex/algorithms-c
ontrolling-tracking (2)/algorithms-controlling-tracking/Chapter3/Figures/teleme
try.jpg>]
Underfull \hbox (badness 10000) in paragraph at lines 307--308

 []

<Chapter3/Figures/integration.png, id=590, 607.068pt x 560.0925pt>
File: Chapter3/Figures/integration.png Graphic file (type png)

<use Chapter3/Figures/integration.png>
Package pdftex.def Info: Chapter3/Figures/integration.png used on input line 31
4.
(pdftex.def)             Requested size: 371.30594pt x 342.57037pt.


LaTeX Warning: `h' float specifier changed to `ht'.


Underfull \hbox (badness 10000) in paragraph at lines 327--329

 []

[30] [31pdfTeX warning (ext4): destination with the same identifier (name{figur
e.3.14}) has been already used, duplicate ignored

\AtBegShi@Output ...ipout \box \AtBeginShipoutBox 
                                                  \fi \fi 
l.341 
       <D:/Files/Desktop/Tesi/latex/algorithms-controlling-tracking (2)/algorit
hms-controlling-tracking/Chapter3/Figures/integration.png>]
<Chapter3/Figures/frames.png, id=610, 465.99094pt x 311.66437pt>
File: Chapter3/Figures/frames.png Graphic file (type png)

<use Chapter3/Figures/frames.png>
Package pdftex.def Info: Chapter3/Figures/frames.png used on input line 344.
(pdftex.def)             Requested size: 330.05322pt x 220.75537pt.

Underfull \hbox (badness 10000) in paragraph at lines 380--381

 []

[32pdfTeX warning (ext4): destination with the same identifier (name{figure.3.1
5}) has been already used, duplicate ignored

\AtBegShi@Output ...ipout \box \AtBeginShipoutBox 
                                                  \fi \fi 
l.381 
       <D:/Files/Desktop/Tesi/latex/algorithms-controlling-tracking (2)/algorit
hms-controlling-tracking/Chapter3/Figures/frames.png>]
Underfull \hbox (badness 10000) in paragraph at lines 390--392

 []

) [33]
("D:\Files\Desktop\Tesi\latex\algorithms-controlling-tracking (2)\algorithms-co
ntrolling-tracking\Chapter4/chapter4.tex"
Chapter 4.

Underfull \hbox (badness 10000) in paragraph at lines 23--24

 []

[34



]
Package epstopdf Info: Source file: <Chapter4/Figures/ref_frames.eps>
(epstopdf)                    date: 2015-09-02 01:55:48
(epstopdf)                    size: 1025972 bytes
(epstopdf)             Output file: <Chapter4/Figures/ref_frames-eps-converted-
to.pdf>
(epstopdf)                    date: 2015-09-02 14:12:17
(epstopdf)                    size: 18862 bytes
(epstopdf)             Command: <epstopdf --outfile=Chapter4/Figures/ref_frames
-eps-converted-to.pdf Chapter4/Figures/ref_frames.eps>
(epstopdf)             \includegraphics on input line 30.
Package epstopdf Info: Output file is already uptodate.

<Chapter4/Figures/ref_frames-eps-converted-to.pdf, id=636, 228.855pt x 176.66pt
>
File: Chapter4/Figures/ref_frames-eps-converted-to.pdf Graphic file (type pdf)
 <use Chapter4/Figures/ref_frames-eps-converted-to.pdf>
Package pdftex.def Info: Chapter4/Figures/ref_frames-eps-converted-to.pdf used 
on input line 30.
(pdftex.def)             Requested size: 330.05322pt x 254.78914pt.

Underfull \hbox (badness 10000) in paragraph at lines 37--38

 []

Package epstopdf Info: Source file: <Chapter4/Figures/bladeflap.eps>
(epstopdf)                    date: 2015-09-02 01:55:48
(epstopdf)                    size: 58885 bytes
(epstopdf)             Output file: <Chapter4/Figures/bladeflap-eps-converted-t
o.pdf>
(epstopdf)                    date: 2015-09-02 14:12:20
(epstopdf)                    size: 8037 bytes
(epstopdf)             Command: <epstopdf --outfile=Chapter4/Figures/bladeflap-
eps-converted-to.pdf Chapter4/Figures/bladeflap.eps>
(epstopdf)             \includegraphics on input line 44.
Package epstopdf Info: Output file is already uptodate.

<Chapter4/Figures/bladeflap-eps-converted-to.pdf, id=638, 258.9675pt x 131.4912
6pt>
File: Chapter4/Figures/bladeflap-eps-converted-to.pdf Graphic file (type pdf)
 <use Chapter4/Figures/bladeflap-eps-converted-to.pdf>
Package pdftex.def Info: Chapter4/Figures/bladeflap-eps-converted-to.pdf used o
n input line 44.
(pdftex.def)             Requested size: 288.7942pt x 146.65121pt.


LaTeX Warning: `h' float specifier changed to `ht'.

[35pdfTeX warning (ext4): destination with the same identifier (name{figure.4.1
}) has been already used, duplicate ignored

\AtBegShi@Output ...ipout \box \AtBeginShipoutBox 
                                                  \fi \fi 
l.49 M
      oreover, viscous friction experienced by the robot when it moves is ne...
 <D:/Files/Desktop/Tesi/latex/algorithms-controlling-tracking (2)/algorithms-co
ntrolling-tracking/Chapter4/Figures/ref_frames-eps-converted-to.pdf>]
Underfull \hbox (badness 10000) in paragraph at lines 49--50

 []


Underfull \hbox (badness 10000) in paragraph at lines 63--64

 []

[36pdfTeX warning (ext4): destination with the same identifier (name{figure.4.2
}) has been already used, duplicate ignored

\AtBegShi@Output ...ipout \box \AtBeginShipoutBox 
                                                  \fi \fi 
l.72 \end{equation}
                    <D:/Files/Desktop/Tesi/latex/algorithms-controlling-trackin
g (2)/algorithms-controlling-tracking/Chapter4/Figures/bladeflap-eps-converted-
to.pdf>]
Underfull \hbox (badness 10000) in paragraph at lines 77--78

 []


Underfull \hbox (badness 10000) in paragraph at lines 101--103

 []


Underfull \hbox (badness 10000) in paragraph at lines 104--106

 []


Underfull \hbox (badness 10000) in paragraph at lines 107--109

 []

[37]
Underfull \hbox (badness 10000) in paragraph at lines 143--145

 []

[38]
Package epstopdf Info: Source file: <Chapter4/Figures/top_iris.eps>
(epstopdf)                    date: 2015-09-02 01:55:48
(epstopdf)                    size: 103598 bytes
(epstopdf)             Output file: <Chapter4/Figures/top_iris-eps-converted-to
.pdf>
(epstopdf)                    date: 2015-09-02 14:12:24
(epstopdf)                    size: 13637 bytes
(epstopdf)             Command: <epstopdf --outfile=Chapter4/Figures/top_iris-e
ps-converted-to.pdf Chapter4/Figures/top_iris.eps>
(epstopdf)             \includegraphics on input line 148.
Package epstopdf Info: Output file is already uptodate.

<Chapter4/Figures/top_iris-eps-converted-to.pdf, id=704, 252.945pt x 251.94125p
t>
File: Chapter4/Figures/top_iris-eps-converted-to.pdf Graphic file (type pdf)
 <use Chapter4/Figures/top_iris-eps-converted-to.pdf>
Package pdftex.def Info: Chapter4/Figures/top_iris-eps-converted-to.pdf used on
 input line 148.
(pdftex.def)             Requested size: 206.28247pt x 205.46677pt.
 [39pdfTeX warning (ext4): destination with the same identifier (name{figure.4.
3}) has been already used, duplicate ignored

\AtBegShi@Output ...ipout \box \AtBeginShipoutBox 
                                                  \fi \fi 
l.176 \begin{equation}
                       <D:/Files/Desktop/Tesi/latex/algorithms-controlling-trac
king (2)/algorithms-controlling-tracking/Chapter4/Figures/top_iris-eps-converte
d-to.pdf>] <Chapter4/Figures/forces.png, id=739, 730.73pt x 553.06625pt>
File: Chapter4/Figures/forces.png Graphic file (type png)

<use Chapter4/Figures/forces.png>
Package pdftex.def Info: Chapter4/Figures/forces.png used on input line 204.
(pdftex.def)             Requested size: 288.7942pt x 218.58113pt.
 [40pdfTeX warning (ext4): destination with the same identifier (name{figure.4.
4}) has been already used, duplicate ignored

\AtBegShi@Output ...ipout \box \AtBeginShipoutBox 
                                                  \fi \fi 
l.213 
       <D:/Files/Desktop/Tesi/latex/algorithms-controlling-tracking (2)/algorit
hms-controlling-tracking/Chapter4/Figures/forces.png>] [41]
Underfull \hbox (badness 10000) in paragraph at lines 249--250

 []


Underfull \hbox (badness 10000) in paragraph at lines 259--261

 []

[42]
Underfull \hbox (badness 10000) in paragraph at lines 274--276

 []

[43] [44]) [45pdfTeX warning (ext4): destination with the same identifier (name
{table.4.1}) has been already used, duplicate ignored

\AtBegShi@Output ...ipout \box \AtBeginShipoutBox 
                                                  \fi \fi 
l.86 \include{Chapter4/chapter4}
                                ]
("D:\Files\Desktop\Tesi\latex\algorithms-controlling-tracking (2)\algorithms-co
ntrolling-tracking\Chapter5/chapter5.tex"
Chapter 5.
[46



]
Underfull \hbox (badness 10000) in paragraph at lines 21--22

 []

) [47]
("D:\Files\Desktop\Tesi\latex\algorithms-controlling-tracking (2)\algorithms-co
ntrolling-tracking\Chapter6/chapter6.tex"
Chapter 6.
) [48



]
("D:\Files\Desktop\Tesi\latex\algorithms-controlling-tracking (2)\algorithms-co
ntrolling-tracking\Chapter7/chapter7.tex"
Chapter 7.
) [49



]
("D:\Files\Desktop\Tesi\latex\algorithms-controlling-tracking (2)\algorithms-co
ntrolling-tracking\Chapter8/chapter8.tex"
Chapter 8.
) [50



]
("D:\Files\Desktop\Tesi\latex\algorithms-controlling-tracking (2)\algorithms-co
ntrolling-tracking\Conclusions/conclusions.tex"
Chapter 9.
) [51



]
("D:\Files\Desktop\Tesi\latex\algorithms-controlling-tracking (2)\algorithms-co
ntrolling-tracking\Appendix1/appendix1.tex"
Appendix A.
) [52



]
("D:\Files\Desktop\Tesi\latex\algorithms-controlling-tracking (2)\algorithms-co
ntrolling-tracking\PhDThesis_example.bbl"
("D:\Files\Desktop\Tesi\latex\algorithms-controlling-tracking (2)\algorithms-co
ntrolling-tracking\PhDThesis_example.brf")
\tf@brf=\write7

Underfull \hbox (badness 10000) in paragraph at lines 18--18
[]\OT1/cmr/m/n/12 Airware con-trol sta-tion.  [][]$\OT1/cmtt/m/n/12 http : / / 
www . airware . com / products /$
 []

[53


]
Underfull \hbox (badness 10000) in paragraph at lines 90--90
[]\OT1/cmr/m/n/12 Optihub im-age.  [][]$\OT1/cmtt/m/n/12 http : / / www . fonty
svr . nl / mediawiki / index . php /$
 []


Underfull \hbox (badness 4927) in paragraph at lines 112--112
[]\OT1/cmr/m/n/12 Predator im-age.  [][]$\OT1/cmtt/m/n/12 http : / / www . airf
orce-[]technology . com / projects /$
 []


Underfull \hbox (badness 10000) in paragraph at lines 122--122
[]\OT1/cmr/m/n/12 PX4 build en-vi-ron-ment.  [][]$\OT1/cmtt/m/n/12 https : / / 
pixhawk . org / dev / toolchain _$
 []


Underfull \hbox (badness 4084) in paragraph at lines 142--142
[]\OT1/cmr/m/n/12 Reference frames.  [][]$\OT1/cmtt/m/n/12 https : / / pixhawk 
. org / dev / know-[]how / frames _ of _$
 []

[54] [55]
Underfull \hbox (badness 7595) in paragraph at lines 300--300
[]\OT1/cmr/m/n/12 Michael, Nathan.  Quadro-tor Mod-el-ing and Con-trol.  [][]$\
OT1/cmtt/m/n/12 http :$
 []


Underfull \hbox (badness 10000) in paragraph at lines 300--300
$\OT1/cmtt/m/n/12 / / www . cs . cmu . edu / afs / cs . cmu . edu / academic / 
class / 16311 / www / s15 /$
 []

[56])
Package atveryend Info: Empty hook `BeforeClearDocument' on input line 103.
 [57]
Package atveryend Info: Empty hook `AfterLastShipout' on input line 103.

("D:\Files\Desktop\Tesi\latex\algorithms-controlling-tracking (2)\algorithms-co
ntrolling-tracking\PhDThesis_example.aux"
("D:\Files\Desktop\Tesi\latex\algorithms-controlling-tracking (2)\algorithms-co
ntrolling-tracking\Acknowledgement/acknowledgement.aux")
("D:\Files\Desktop\Tesi\latex\algorithms-controlling-tracking (2)\algorithms-co
ntrolling-tracking\Dedication/dedication.aux")
("D:\Files\Desktop\Tesi\latex\algorithms-controlling-tracking (2)\algorithms-co
ntrolling-tracking\Abstract/abstract.aux")
("D:\Files\Desktop\Tesi\latex\algorithms-controlling-tracking (2)\algorithms-co
ntrolling-tracking\Introduction/introduction.aux")
("D:\Files\Desktop\Tesi\latex\algorithms-controlling-tracking (2)\algorithms-co
ntrolling-tracking\Chapter2/chapter2.aux")
("D:\Files\Desktop\Tesi\latex\algorithms-controlling-tracking (2)\algorithms-co
ntrolling-tracking\Chapter3/chapter3.aux")
("D:\Files\Desktop\Tesi\latex\algorithms-controlling-tracking (2)\algorithms-co
ntrolling-tracking\Chapter4/chapter4.aux")
("D:\Files\Desktop\Tesi\latex\algorithms-controlling-tracking (2)\algorithms-co
ntrolling-tracking\Chapter5/chapter5.aux")
("D:\Files\Desktop\Tesi\latex\algorithms-controlling-tracking (2)\algorithms-co
ntrolling-tracking\Chapter6/chapter6.aux")
("D:\Files\Desktop\Tesi\latex\algorithms-controlling-tracking (2)\algorithms-co
ntrolling-tracking\Chapter7/chapter7.aux")
("D:\Files\Desktop\Tesi\latex\algorithms-controlling-tracking (2)\algorithms-co
ntrolling-tracking\Chapter8/chapter8.aux")
("D:\Files\Desktop\Tesi\latex\algorithms-controlling-tracking (2)\algorithms-co
ntrolling-tracking\Conclusions/conclusions.aux")
("D:\Files\Desktop\Tesi\latex\algorithms-controlling-tracking (2)\algorithms-co
ntrolling-tracking\Appendix1/appendix1.aux"))
Package atveryend Info: Executing hook `AtVeryEndDocument' on input line 103.
Package atveryend Info: Executing hook `AtEndAfterFileList' on input line 103.
Package rerunfilecheck Info: File `PhDThesis_example.out' has not changed.
(rerunfilecheck)             Checksum: 4E1C28539A771E2A8511E4CF9155B7D7;3089.
Package rerunfilecheck Info: File `PhDThesis_example.brf' has not changed.
(rerunfilecheck)             Checksum: 11BD5C9C57E022192F5F56375990D7F5;3001.


LaTeX Warning: There were multiply-defined labels.

Package atveryend Info: Empty hook `AtVeryVeryEnd' on input line 103.
 ) 
Here is how much of TeX's memory you used:
 8648 strings out of 493921
 136095 string characters out of 3144873
 217953 words of memory out of 3000000
 11370 multiletter control sequences out of 15000+200000
 14033 words of font info for 51 fonts, out of 3000000 for 9000
 844 hyphenation exceptions out of 8191
 39i,15n,45p,2498b,540s stack positions out of 5000i,500n,10000p,200000b,50000s
<C:/Program Files (x86)/MiKTeX 2.9/fonts/type1/public/amsfonts/cm/cmbx12.pfb>
<C:/Program Files (x86)/MiKTeX 2.9/fonts/type1/public/amsfonts/cm/cmex10.pfb><C
:/Program Files (x86)/MiKTeX 2.9/fonts/type1/public/amsfonts/cm/cmmi10.pfb><C:/
Program Files (x86)/MiKTeX 2.9/fonts/type1/public/amsfonts/cm/cmmi12.pfb><C:/Pr
ogram Files (x86)/MiKTeX 2.9/fonts/type1/public/amsfonts/cm/cmmi7.pfb><C:/Progr
am Files (x86)/MiKTeX 2.9/fonts/type1/public/amsfonts/cm/cmmi8.pfb><C:/Program 
Files (x86)/MiKTeX 2.9/fonts/type1/public/amsfonts/cm/cmmib10.pfb><C:/Program F
iles (x86)/MiKTeX 2.9/fonts/type1/public/amsfonts/cmextra/cmmib8.pfb><C:/Progra
m Files (x86)/MiKTeX 2.9/fonts/type1/public/amsfonts/cm/cmr10.pfb><C:/Program F
iles (x86)/MiKTeX 2.9/fonts/type1/public/amsfonts/cm/cmr12.pfb><C:/Program File
s (x86)/MiKTeX 2.9/fonts/type1/public/amsfonts/cm/cmr17.pfb><C:/Program Files (
x86)/MiKTeX 2.9/fonts/type1/public/amsfonts/cm/cmr8.pfb><C:/Program Files (x86)
/MiKTeX 2.9/fonts/type1/public/amsfonts/cm/cmsy10.pfb><C:/Program Files (x86)/M
iKTeX 2.9/fonts/type1/public/amsfonts/cm/cmsy8.pfb><C:/Program Files (x86)/MiKT
eX 2.9/fonts/type1/public/amsfonts/cm/cmti12.pfb><C:/Program Files (x86)/MiKTeX
 2.9/fonts/type1/public/amsfonts/cm/cmtt12.pfb>
Output written on PhDThesis_example.pdf (65 pages, 2847799 bytes).
PDF statistics:
 1063 PDF objects out of 1200 (max. 8388607)
 244 named destinations out of 1000 (max. 500000)
 500 words of extra memory for PDF output out of 10000 (max. 10000000)

